o6b9St8Ag8yjD3pfU-AXN2LfYg1w
o6b9St2w4v6ZbaWIEx8DRtaoLYck
o6b9St4cCju9wO3QJmcFMcd6dKiw
o6b9St2XfniPZOrRHR_jxRE36ij4
o6b9St4ExEpFT-Os7FwIrqbg6vxs
o6b9St90Wn1N0uc035tm23aFpLOU
o6b9St244LMC0CxhD-muG3TG-YLU
o6b9St0VZD4MD6NrbgC1Y3_lHmzA
o6b9St0spW2A4elLCcH1vNiZPLXs
o6b9St8EviGrTTEgnfmvioKMawj0
o6b9St_J2aOZ_-ADhT3Hvg_TCfHw
o6b9St43si6h1cwvIHUwQAUxlqMc
o6b9StzSt2cF52D8icMt9jUOBJHU
o6b9St65lSVbe2TcSLENrcW4qlts
o6b9StwID7iSke1WH_ygZpjdZl6M
o6b9St5X0GbKGRD4APvLTE5fdm4w
o6b9Stxw7tP8itb0gdr6m_JZf2f4
o6b9St7x7qiRcazh4NRCyJWPNr38
o6b9St-R95lVJXoDeQdEAhcWIVfs
o6b9St0gh2sKDqMBXZxi2Ym4VazM
o6b9StwmEyvtN3CrBHpxBCwCY7vY
o6b9St4IYmCqgYVUPQaV1SE2_FSg
o6b9St33g2z1zADPGyZwH1gPhldM
o6b9St6GWYT3Mn3TJg8s71eGxF-0
o6b9St6xPkaV1smSuY0PtjmvOY7M
o6b9St9y-huYBcMvLAvkzci03TFs
o6b9St1J4cSFdSyCmdV5wHMCi8CU
o6b9St3vvbpbXc4MvZou8QIj3owA
o6b9St-nO_QimHLkRplvYtroQOb4
o6b9St6DNKeWNkou1T0OQvm-37Jc
o6b9St4F1cauMn6Di01aNBuo0Z84
o6b9StxhDHkMX-lKbFYdhV6XVd74
o6b9StyKSiKcEn4mZPG1LFwoY8oU
o6b9St_tyR6DEzPEoOqHao4ubCsg
o6b9St_v0pbxJpqi5JiX_IE6Dz1A
o6b9St2tdIyMTFzNJizMnQzUbSI8
o6b9St1o2_IHZXkoxsZKBGeOvW0c
o6b9Stz7c-HWj7uyhE9jidcsFloQ
o6b9St29wCLtN_JfrBYYXqzK6ZzY
o6b9St5I9aRNCzIOngMokVdICL5A
o6b9St5GJNMYiOLnz3Agi8YL7ibo
o6b9St4kunWhpJ5hzulz6bNm71vM
o6b9St2GZVbFYUwoEQExwp4hh_Fs
o6b9Stw5llTpz_aFvKrpyefNR15Q
o6b9St806OqRkpi2I0ewxWo36E8s
o6b9St3yWpqKWdXJ3bZJUfjA45qM
o6b9St6b51CjMPW3i5iGTOtbAerk
o6b9St2_SwpIkIupeF844CvbU7vI
o6b9St9iZwvN2wMRFi-30BU21ExQ
o6b9StwgKPH7Uj_CVFtiwinhlpsc
o6b9St5Uxv5wM9YCaYaqc8ov_qXY
o6b9St8qjUpEV--utgidznXKOAPk
o6b9St9rFszOR4lJwbCPmLuQ90_0
o6b9St5H_0rLLyNHYRBvXUqphJ2g
o6b9St58xGEMGhxt2sKvv1pdEPAQ
o6b9St5mhPjjHGDO4v1diNYbXMXc
o6b9St-YzJqFw9l7pKwkj4jnpkNo
o6b9St-TF7BFGH19gDaaSg7DlwGo
o6b9St4dwMpSG2hKOG8zKcjYbpEM
o6b9St2QR3lByCvXByLcYTPChF_I
o6b9St9HWLqtfydHh3T4HAgncfvs
o6b9St8yMyE1khawsEBxLx_jF2bA
o6b9St49zg3-Kj4fEJDMoMbvt090
o6b9St_HjVxb_dXISXfsoKQ6mNHg
o6b9StycrRSAFplCJtyp-bZJJAZk
o6b9St84NgcHKmhRyp9XKrL7AXdk
o6b9StywaRvKZNW5TXjjm5kPddCo
o6b9St9qgzuZL4HQ4nCiGFeCkn1Q
o6b9StwAwFbxbbvyAkBM_zgNN4Iw
o6b9St77TEDQDxZWGKm5efjfh2ZE
o6b9St_nOlIQn12Z6Bo3iHW1X_L8
o6b9StweG8ts7dsn0b218vVHLMAM
o6b9StzogzR6cOq7Yd9OGiw7tUUI
o6b9St3LCwVu0s_GOBnjEkeBdXtQ
o6b9St7qhLvlZyX0mvvfE2ppJ7M4
o6b9StzmD5nm2gZvpUq3aZPMdbD0
o6b9St7haI3YHxARvDpuVss-_a6Y
o6b9St-dpza2KfcF1p38EYSSwrHY
o6b9StygOGR_E7UnZJj1qECSGATM
o6b9St6lBle06HNoiFq6Yxqi06no
o6b9St8B-G0dwZIOF_GX1mCBVqwo
o6b9StyhkmHwmyStCj5iMExxZ_Jw
o6b9St6gWRq4VuxLfANlmvH-AOpg
o6b9St3H5oEaa8zDVU9XO8GPZrMo
o6b9StxehOfnP67k86qJyRmUzt4I
o6b9Stz74_aX5x3OPFcWXvZgBL0s
o6b9St5wFQkOMrE-D--DNdk-WnUc
o6b9St9AI1OwGSijsAY2N1qsCDb4
o6b9St9b0pbj-ErNmeP9oAoIQnto
o6b9St6Zz5Ev011s-WJlJpHC5pwg
o6b9St_Jevq3qXMBGhNAZEr_Sddc
o6b9St36nYeTrwvBPe3g2wwFeUS4
o6b9St2EDYWb64UnvF5Kn53so5R0
o6b9St6U9RAfpxtPFTS29ZmQ3Lk0
o6b9St7C1eYgrEoVbUUh9GbPPWbA
o6b9St693bwLMZI1i6Y98b8LTs-c
o6b9St-IZv3ou1oDKRLJHgbOiAvY
o6b9St2EDfP6-eFrWzpZciCCd4I8
o6b9St2Pe9jGEPZrR4e9MzQzT5kQ
o6b9St8dzFleEftk0-KSRSPt5spk
o6b9StzrK1xUIU5jKbOBRKLfyviQ
o6b9StzqMf30sFkMxlm9SUH7VvV4
o6b9St4xjowfRPk11f07NONrUf6k
o6b9St0cRyJDRs3vGx-avTZoiKuU
o6b9St1nn1iaUQDuvG3qQFcShEt8
o6b9St_vhlOU5pNt4gporuy1538M
o6b9St7BnJHWaxCqtl5zcd1QRKsw
o6b9St_FPaFstlWH0T2-TcqcLdVY
o6b9StyeYqyV8abK5iN6gGxChRfI
o6b9StyavrEitAddRiXce03XnNMw
